This is pdfTeX, Version 3.1415926-1.40.10 (TeX Live 2009/Debian) (format=pdflatex 2013.3.6)  19 MAR 2016 19:05
entering extended mode
 \write18 enabled.
 %&-line parsing enabled.
**lob-preprint.tex
(./lob-preprint.tex
LaTeX2e <2009/09/24>
Babel <v3.8l> and hyphenation patterns for english, usenglishmax, dumylang, noh
yphenation, loaded.
(./lob.tex (./header.tex (./sigplanconf.cls
Document Class: sigplanconf 2015/12/03 v3.2 ACM SIGPLAN Proceedings
\@numheaddepth=\count79
(/usr/share/texmf-texlive/tex/latex/base/article.cls
Document Class: article 2007/10/19 v1.4h Standard LaTeX document class
(/usr/share/texmf-texlive/tex/latex/base/size10.clo
File: size10.clo 2007/10/19 v1.4h Standard LaTeX file (size option)
)
\c@part=\count80
\c@section=\count81
\c@subsection=\count82
\c@subsubsection=\count83
\c@paragraph=\count84
\c@subparagraph=\count85
\c@figure=\count86
\c@table=\count87
\abovecaptionskip=\skip41
\belowcaptionskip=\skip42
\bibindent=\dimen102
)
\standardtextwidth=\dimen103
\standardvspace=\skip43

Using natbib package with 'authoryear' citation style.
(/usr/share/texmf-texlive/tex/latex/natbib/natbib.sty
Package: natbib 2009/07/16 8.31 (PWD, AO)
\bibhang=\skip44
\bibsep=\skip45
LaTeX Info: Redefining \cite on input line 694.
\c@NAT@ctr=\count88
)
\@sectionaboveskip=\skip46
\@sectionbelowskip=\skip47
\@subsectionaboveskip=\skip48
\@subsectionbelowskip=\skip49
\@paragraphaboveskip=\skip50
\@authorcount=\count89
\@titlenotecount=\count90
\@titlenotetext=\toks14
\@fnmark=\toks15
\@authori=\count91
\@measbox=\box26
) (./cmap.sty
Package: cmap 2008/03/06 v1.0h CMap support: searchable PDF
)
(./mmap.sty
Package: mmap 2008/08/11 v1.03 CMAP support for math in PDF
 (/usr/share/texmf-texlive/tex/generic/oberdiek/ifpdf.sty
Package: ifpdf 2009/04/10 v2.0 Provides the ifpdf switch (HO)
Package ifpdf Info: pdfTeX in pdf mode detected.
))
(./accsupp.sty
Package: accsupp 2010/01/16 v0.3 Accessibility support by marked content (HO)
 (/usr/share/texmf-texlive/tex/generic/oberdiek/pdfescape.sty
Package: pdfescape 2007/11/11 v1.8 Provides hex, PDF name and string conversion
s (HO)

(/usr/share/texmf-texlive/tex/generic/oberdiek/pdftexcmds.sty
Package: pdftexcmds 2009/09/23 v0.6 LuaTeX support for pdfTeX utility functions
 (HO)

(/usr/share/texmf-texlive/tex/generic/oberdiek/infwarerr.sty
Package: infwarerr 2007/09/09 v1.2 Providing info/warning/message (HO)
)
(/usr/share/texmf-texlive/tex/generic/oberdiek/ifluatex.sty
Package: ifluatex 2009/04/17 v1.2 Provides the ifluatex switch (HO)
Package ifluatex Info: LuaTeX not detected.
)
(/usr/share/texmf-texlive/tex/generic/oberdiek/ltxcmds.sty
Package: ltxcmds 2009/08/05 v1.0 Some LaTeX kernel commands for general use (HO
)
)
Package pdftexcmds Info: LuaTeX not detected.
Package pdftexcmds Info: \pdf@primitive is available.
Package pdftexcmds Info: \pdf@ifprimitive is available.
))
(/usr/share/texmf-texlive/tex/generic/ifxetex/ifxetex.sty
Package: ifxetex 2009/01/23 v0.5 Provides ifxetex conditional
)
(/usr/share/texmf-texlive/tex/latex/oberdiek/kvoptions.sty
Package: kvoptions 2009/08/13 v3.4 Keyval support for LaTeX options (HO)

(/usr/share/texmf-texlive/tex/latex/graphics/keyval.sty
Package: keyval 1999/03/16 v1.13 key=value parser (DPC)
\KV@toks@=\toks16
)
(/usr/share/texmf-texlive/tex/generic/oberdiek/kvsetkeys.sty
Package: kvsetkeys 2009/07/30 v1.5 Key value parser with default handler suppor
t (HO)

(/usr/share/texmf-texlive/tex/generic/oberdiek/etexcmds.sty
Package: etexcmds 2007/12/12 v1.2 Prefix for e-TeX command names (HO)
Package etexcmds Info: Could not find \expanded.
(etexcmds)             That can mean that you are not using pdfTeX 1.50 or
(etexcmds)             that some package has redefined \expanded.
(etexcmds)             In the latter case, load this package earlier.
)))
(./accsupp-pdftex.def
File: accsupp-pdftex.def 2010/01/16 v0.3 accsupp driver for pdfTeX (HO)
)) (./ucs.sty
Package: ucs 2013/05/11 v2.2 UCS: Unicode input support
 (./uni-global.def
File: uni-global.def 2013/05/13 UCS: Unicode global data
)
\uc@secondtry=\count92
\uc@combtoks=\toks17
\uc@combtoksb=\toks18
\uc@temptokena=\toks19
)
(/usr/share/texmf-texlive/tex/latex/base/inputenc.sty
Package: inputenc 2008/03/30 v1.1d Input encoding file
\inpenc@prehook=\toks20
\inpenc@posthook=\toks21
 (./utf8x.def
File: utf8x.def 2004/10/17 UCS: Input encoding UTF-8
))
(./agda.sty
Package: agda 
 (./xifthen.sty
Package: xifthen 2015/11/05 v1.4.0 Extended ifthen features
 (/usr/share/texmf-texlive/tex/latex/tools/calc.sty
Package: calc 2007/08/22 v4.3 Infix arithmetic (KKT,FJ)
\calc@Acount=\count93
\calc@Bcount=\count94
\calc@Adimen=\dimen104
\calc@Bdimen=\dimen105
\calc@Askip=\skip51
\calc@Bskip=\skip52
LaTeX Info: Redefining \setlength on input line 76.
LaTeX Info: Redefining \addtolength on input line 77.
\calc@Ccount=\count95
\calc@Cskip=\skip53
)
(/usr/share/texmf-texlive/tex/latex/base/ifthen.sty
Package: ifthen 2001/05/26 v1.1c Standard LaTeX ifthen package (DPC)
) (./ifmtarg.sty
Package: ifmtarg 2009/09/02 v1.2a check for an empty argument
))
(./xcolor.sty
Package: xcolor 2007/01/21 v2.11 LaTeX color extensions (UK)
 (/etc/texmf/tex/latex/config/color.cfg
File: color.cfg 2007/01/18 v1.5 color configuration of teTeX/TeXLive
)
Package xcolor Info: Driver file: pdftex.def on input line 225.

(/usr/share/texmf-texlive/tex/latex/pdftex-def/pdftex.def
File: pdftex.def 2010/03/12 v0.04p Graphics/color for pdfTeX
\Gread@gobject=\count96
)
Package xcolor Info: Model `cmy' substituted by `cmy0' on input line 1337.
Package xcolor Info: Model `hsb' substituted by `rgb' on input line 1341.
Package xcolor Info: Model `RGB' extended on input line 1353.
Package xcolor Info: Model `HTML' substituted by `rgb' on input line 1355.
Package xcolor Info: Model `Hsb' substituted by `hsb' on input line 1356.
Package xcolor Info: Model `tHsb' substituted by `hsb' on input line 1357.
Package xcolor Info: Model `HSB' substituted by `hsb' on input line 1358.
Package xcolor Info: Model `Gray' substituted by `gray' on input line 1359.
Package xcolor Info: Model `wave' substituted by `hsb' on input line 1360.
) (./polytable.sty
Package: polytable 2013/07/18 v0.8.5 `polytable' package (Andres Loeh)

(./lazylist.sty) (/usr/share/texmf-texlive/tex/latex/tools/array.sty
Package: array 2008/09/09 v2.4c Tabular extension package (FMi)
\col@sep=\dimen106
\extrarowheight=\dimen107
\NC@list=\toks22
\extratabsurround=\skip54
\backup@length=\skip55
)
\PT@colwidth=\dimen108
\PT@cols=\count97
\PT@table=\count98
\PT@toks=\toks23
\PT@in=\read1
\PT@out=\write3
)
(./etoolbox.sty
Package: etoolbox 2015/08/02 v2.2a e-TeX tools for LaTeX (JAW)
 (/usr/share/texmf-texlive/tex/latex/etex-pkg/etex.sty
Package: etex 1998/03/26 v2.0 eTeX basic definition package (PEB)
\et@xins=\count99
)
\etb@tempcnta=\count100
)
(/usr/share/texmf-texlive/tex/latex/amsfonts/amsfonts.sty
Package: amsfonts 2009/06/22 v3.00 Basic AMSFonts support
\@emptytoks=\toks24
\symAMSa=\mathgroup4
\symAMSb=\mathgroup5
LaTeX Font Info:    Overwriting math alphabet `\mathfrak' in version `bold'
(Font)                  U/euf/m/n --> U/euf/b/n on input line 96.
)
(/usr/share/texmf-texlive/tex/latex/amsfonts/amssymb.sty
Package: amssymb 2009/06/22 v3.00
) (./tipa.sty
Package: tipa 2002/08/08 TIPA version 1.1

(/usr/share/texmf-texlive/tex/latex/base/fontenc.sty
Package: fontenc 2005/09/27 v1.99g Standard LaTeX package
 (./t3enc.def
File: t3enc.def 2001/12/31 T3 encoding
<<ot1-m.cmap>>) (/usr/share/texmf-texlive/tex/latex/base/ot1enc.def
File: ot1enc.def 2005/09/27 v1.99g Standard LaTeX file
LaTeX Font Info:    Redeclaring font encoding OT1 on input line 43.
)))
(/usr/share/texmf-texlive/tex/latex/base/fontenc.sty
Package: fontenc 2005/09/27 v1.99g Standard LaTeX package

(/usr/share/texmf-texlive/tex/latex/base/t1enc.def
File: t1enc.def 2005/09/27 v1.99g Standard LaTeX file
LaTeX Font Info:    Redeclaring font encoding T1 on input line 43.
)<<t1-m.cmap>>)
\mathindent=\dimen109
)
(/usr/share/texmf-texlive/tex/latex/amsmath/amsmath.sty
Package: amsmath 2000/07/18 v2.13 AMS math features
\@mathmargin=\skip56

For additional information on amsmath, use the `?' option.
(/usr/share/texmf-texlive/tex/latex/amsmath/amstext.sty
Package: amstext 2000/06/29 v2.01

(/usr/share/texmf-texlive/tex/latex/amsmath/amsgen.sty
File: amsgen.sty 1999/11/30 v2.0
\@emptytoks=\toks25
\ex@=\dimen110
))
(/usr/share/texmf-texlive/tex/latex/amsmath/amsbsy.sty
Package: amsbsy 1999/11/29 v1.2d
\pmbraise@=\dimen111
)
(/usr/share/texmf-texlive/tex/latex/amsmath/amsopn.sty
Package: amsopn 1999/12/14 v2.01 operator names
)
\inf@bad=\count101
LaTeX Info: Redefining \frac on input line 211.
\uproot@=\count102
\leftroot@=\count103
LaTeX Info: Redefining \overline on input line 307.
\classnum@=\count104
\DOTSCASE@=\count105
LaTeX Info: Redefining \ldots on input line 379.
LaTeX Info: Redefining \dots on input line 382.
LaTeX Info: Redefining \cdots on input line 467.
\Mathstrutbox@=\box27
\strutbox@=\box28
\big@size=\dimen112
LaTeX Font Info:    Redeclaring font encoding OML on input line 567.
LaTeX Font Info:    Redeclaring font encoding OMS on input line 568.
\macc@depth=\count106
\c@MaxMatrixCols=\count107
\dotsspace@=\muskip10
\c@parentequation=\count108
\dspbrk@lvl=\count109
\tag@help=\toks26
\row@=\count110
\column@=\count111
\maxfields@=\count112
\andhelp@=\toks27
\eqnshift@=\dimen113
\alignsep@=\dimen114
\tagshift@=\dimen115
\tagwidth@=\dimen116
\totwidth@=\dimen117
\lineht@=\dimen118
\@envbody=\toks28
\multlinegap=\skip57
\multlinetaggap=\skip58
\mathdisplay@stack=\toks29
LaTeX Info: Redefining \[ on input line 2666.
LaTeX Info: Redefining \] on input line 2667.
) (./minted.sty
Package: minted 2015/09/09 v2.1 Yet another Pygments shim for LaTeX

(/usr/share/texmf-texlive/tex/latex/fancyvrb/fancyvrb.sty
Package: fancyvrb 2008/02/07

Style option: `fancyvrb' v2.7a, with DG/SPQR fixes, and firstline=lastline fix 
<2008/02/07> (tvz)
\FV@CodeLineNo=\count113
\FV@InFile=\read2
\FV@TabBox=\box29
\c@FancyVerbLine=\count114
\FV@StepNumber=\count115
\FV@OutFile=\write4
) (/usr/share/texmf-texlive/tex/latex/float/float.sty
Package: float 2001/11/08 v1.3d Float enhancements (AL)
\c@float@type=\count116
\float@exts=\toks30
\float@box=\box30
\@float@everytoks=\toks31
\@floatcapt=\box31
)
(./ifplatform.sty
Package: ifplatform 2010/10/22 v0.4 Testing for the operating system
 (/usr/share/texmf-texlive/tex/generic/oberdiek/catchfile.sty
Package: catchfile 2007/11/11 v1.2 Catches the contents of a file (HO)
)
runsystem(uname -s > "lob-preprint.w18")...executed.

(./lob-preprint.w18)
runsystem(rm -- "lob-preprint.w18")...executed.

) (./xstring.sty (./xstring.tex
\@xs@message=\write5
\integerpart=\count117
\decimalpart=\count118
)
Package: xstring 2013/10/13  v1.7c  String manipulations (C Tellechea)
) (./lineno.sty
Package: lineno 2005/11/02 line numbers on paragraphs v4.41
\linenopenalty=\count119
\output=\toks32
\linenoprevgraf=\count120
\linenumbersep=\dimen119
\linenumberwidth=\dimen120
\c@linenumber=\count121
\c@pagewiselinenumber=\count122
\c@LN@truepage=\count123
\c@internallinenumber=\count124
\c@internallinenumbers=\count125
\quotelinenumbersep=\dimen121
\bframerule=\dimen122
\bframesep=\dimen123
\bframebox=\box32
LaTeX Info: Redefining \\ on input line 3056.
)
\minted@appexistsfile=\read3
\FV@BreakIndent=\dimen124
\FV@BreakSymbolSepLeft=\dimen125
\FV@BreakSymbolSepRight=\dimen126
\FV@BreakSymbolIndentLeft=\dimen127
LaTeX Font Info:    Try loading font information for T1+cmtt on input line 688.


(/usr/share/texmf-texlive/tex/latex/base/t1cmtt.fd
File: t1cmtt.fd 1999/05/25 v2.5h Standard LaTeX font definitions
)
\FV@BreakSymbolIndentRight=\dimen128
\c@FancyVerbLineBreakLast=\count126
\FV@LineBox=\box33
\FV@LineIndentBox=\box34
\minted@bgbox=\box35
\minted@code=\write6
\c@minted@FancyVerbLineTemp=\count127
\@float@every@listing=\toks33
\c@listing=\count128
)
runsystem(mkdir -p "_minted-lob-preprint")...executed.


(./_minted-lob-preprint/default.pygstyle)
(/usr/share/texmf-texlive/tex/latex/hyperref/hyperref.sty
Package: hyperref 2009/10/09 v6.79a Hypertext links for LaTeX

(/usr/share/texmf-texlive/tex/generic/oberdiek/ifvtex.sty
Package: ifvtex 2008/11/04 v1.4 Switches for detecting VTeX and its modes (HO)
Package ifvtex Info: VTeX not detected.
)
(/usr/share/texmf-texlive/tex/latex/oberdiek/hycolor.sty
Package: hycolor 2009/10/02 v1.5 Code for color options of hyperref/bookmark (H
O)

(/usr/share/texmf-texlive/tex/latex/oberdiek/xcolor-patch.sty
Package: xcolor-patch 2009/10/02 xcolor patch
))
\@linkdim=\dimen129
\Hy@linkcounter=\count129
\Hy@pagecounter=\count130

(/usr/share/texmf-texlive/tex/latex/hyperref/pd1enc.def
File: pd1enc.def 2009/10/09 v6.79a Hyperref: PDFDocEncoding definition (HO)
)
(/usr/share/texmf-texlive/tex/latex/latexconfig/hyperref.cfg
File: hyperref.cfg 2002/06/06 v1.2 hyperref configuration of TeXLive
)
Package hyperref Info: Hyper figures OFF on input line 2975.
Package hyperref Info: Link nesting OFF on input line 2980.
Package hyperref Info: Hyper index ON on input line 2983.
Package hyperref Info: Plain pages OFF on input line 2990.
Package hyperref Info: Backreferencing OFF on input line 2995.

Implicit mode ON; LaTeX internals redefined
Package hyperref Info: Bookmarks ON on input line 3191.
(/usr/share/texmf-texlive/tex/latex/ltxmisc/url.sty
\Urlmuskip=\muskip11
Package: url 2006/04/12  ver 3.3  Verb mode for urls, etc.
)
LaTeX Info: Redefining \url on input line 3428.

(/usr/share/texmf-texlive/tex/generic/oberdiek/bitset.sty
Package: bitset 2007/09/28 v1.0 Data type bit set (HO)

(/usr/share/texmf-texlive/tex/generic/oberdiek/intcalc.sty
Package: intcalc 2007/09/27 v1.1 Expandable integer calculations (HO)
)
(/usr/share/texmf-texlive/tex/generic/oberdiek/bigintcalc.sty
Package: bigintcalc 2007/11/11 v1.1 Expandable big integer calculations (HO)
))
\Fld@menulength=\count131
\Field@Width=\dimen130
\Fld@charsize=\dimen131
\Field@toks=\toks34
Package hyperref Info: Hyper figures OFF on input line 4377.
Package hyperref Info: Link nesting OFF on input line 4382.
Package hyperref Info: Hyper index ON on input line 4385.
Package hyperref Info: backreferencing OFF on input line 4392.
Package hyperref Info: Link coloring OFF on input line 4397.
Package hyperref Info: Link coloring with OCG OFF on input line 4402.
Package hyperref Info: PDF/A mode OFF on input line 4407.

(/usr/share/texmf-texlive/tex/generic/oberdiek/atbegshi.sty
Package: atbegshi 2008/07/31 v1.9 At begin shipout hook (HO)
)
\Hy@abspage=\count132
\c@Item=\count133
\c@Hfootnote=\count134
)
*hyperref using default driver hpdftex*
(/usr/share/texmf-texlive/tex/latex/hyperref/hpdftex.def
File: hpdftex.def 2009/10/09 v6.79a Hyperref driver for pdfTeX
\Fld@listcount=\count135
) (./upquote.sty
Package: upquote 2012/04/19 v1.3 upright-quote and grave-accent glyphs in verba
tim

(/usr/share/texmf-texlive/tex/latex/base/textcomp.sty
Package: textcomp 2005/09/27 v1.99g Standard LaTeX package
Package textcomp Info: Sub-encoding information:
(textcomp)               5 = only ISO-Adobe without \textcurrency
(textcomp)               4 = 5 + \texteuro
(textcomp)               3 = 4 + \textohm
(textcomp)               2 = 3 + \textestimated + \textcurrency
(textcomp)               1 = TS1 - \textcircled - \t
(textcomp)               0 = TS1 (full)
(textcomp)             Font families with sub-encoding setting implement
(textcomp)             only a restricted character set as indicated.
(textcomp)             Family '?' is the default used for unknown fonts.
(textcomp)             See the documentation for details.
Package textcomp Info: Setting ? sub-encoding to TS1/1 on input line 71.

(/usr/share/texmf-texlive/tex/latex/base/ts1enc.def
File: ts1enc.def 2001/06/05 v3.0e (jk/car/fm) Standard LaTeX file
)
LaTeX Info: Redefining \oldstylenums on input line 266.
Package textcomp Info: Setting cmr sub-encoding to TS1/0 on input line 281.
Package textcomp Info: Setting cmss sub-encoding to TS1/0 on input line 282.
Package textcomp Info: Setting cmtt sub-encoding to TS1/0 on input line 283.
Package textcomp Info: Setting cmvtt sub-encoding to TS1/0 on input line 284.
Package textcomp Info: Setting cmbr sub-encoding to TS1/0 on input line 285.
Package textcomp Info: Setting cmtl sub-encoding to TS1/0 on input line 286.
Package textcomp Info: Setting ccr sub-encoding to TS1/0 on input line 287.
Package textcomp Info: Setting ptm sub-encoding to TS1/4 on input line 288.
Package textcomp Info: Setting pcr sub-encoding to TS1/4 on input line 289.
Package textcomp Info: Setting phv sub-encoding to TS1/4 on input line 290.
Package textcomp Info: Setting ppl sub-encoding to TS1/3 on input line 291.
Package textcomp Info: Setting pag sub-encoding to TS1/4 on input line 292.
Package textcomp Info: Setting pbk sub-encoding to TS1/4 on input line 293.
Package textcomp Info: Setting pnc sub-encoding to TS1/4 on input line 294.
Package textcomp Info: Setting pzc sub-encoding to TS1/4 on input line 295.
Package textcomp Info: Setting bch sub-encoding to TS1/4 on input line 296.
Package textcomp Info: Setting put sub-encoding to TS1/5 on input line 297.
Package textcomp Info: Setting uag sub-encoding to TS1/5 on input line 298.
Package textcomp Info: Setting ugq sub-encoding to TS1/5 on input line 299.
Package textcomp Info: Setting ul8 sub-encoding to TS1/4 on input line 300.
Package textcomp Info: Setting ul9 sub-encoding to TS1/4 on input line 301.
Package textcomp Info: Setting augie sub-encoding to TS1/5 on input line 302.
Package textcomp Info: Setting dayrom sub-encoding to TS1/3 on input line 303.
Package textcomp Info: Setting dayroms sub-encoding to TS1/3 on input line 304.

Package textcomp Info: Setting pxr sub-encoding to TS1/0 on input line 305.
Package textcomp Info: Setting pxss sub-encoding to TS1/0 on input line 306.
Package textcomp Info: Setting pxtt sub-encoding to TS1/0 on input line 307.
Package textcomp Info: Setting txr sub-encoding to TS1/0 on input line 308.
Package textcomp Info: Setting txss sub-encoding to TS1/0 on input line 309.
Package textcomp Info: Setting txtt sub-encoding to TS1/0 on input line 310.
Package textcomp Info: Setting futs sub-encoding to TS1/4 on input line 311.
Package textcomp Info: Setting futx sub-encoding to TS1/4 on input line 312.
Package textcomp Info: Setting futj sub-encoding to TS1/4 on input line 313.
Package textcomp Info: Setting hlh sub-encoding to TS1/3 on input line 314.
Package textcomp Info: Setting hls sub-encoding to TS1/3 on input line 315.
Package textcomp Info: Setting hlst sub-encoding to TS1/3 on input line 316.
Package textcomp Info: Setting hlct sub-encoding to TS1/5 on input line 317.
Package textcomp Info: Setting hlx sub-encoding to TS1/5 on input line 318.
Package textcomp Info: Setting hlce sub-encoding to TS1/5 on input line 319.
Package textcomp Info: Setting hlcn sub-encoding to TS1/5 on input line 320.
Package textcomp Info: Setting hlcw sub-encoding to TS1/5 on input line 321.
Package textcomp Info: Setting hlcf sub-encoding to TS1/5 on input line 322.
Package textcomp Info: Setting pplx sub-encoding to TS1/3 on input line 323.
Package textcomp Info: Setting pplj sub-encoding to TS1/3 on input line 324.
Package textcomp Info: Setting ptmx sub-encoding to TS1/4 on input line 325.
Package textcomp Info: Setting ptmj sub-encoding to TS1/4 on input line 326.
)) (./stmaryrd.sty
Package: stmaryrd 1994/03/03 St Mary's Road symbol package
\symstmry=\mathgroup6
LaTeX Font Info:    Overwriting symbol font `stmry' in version `bold'
(Font)                  U/stmry/m/n --> U/stmry/b/n on input line 89.
)
(./slashbox.sty
slashbox style by K.Yasuoka, May 1993.
\@slashboxa=\box36
\@slashboxb=\box37
\@slashboxc=\box38
\@slashboxwd=\count136
\@slashboxht=\count137
\@slashsepl=\dimen132
\@slashsepr=\dimen133
) (/usr/share/texmf-texlive/tex/generic/babel/babel.sty
Package: babel 2008/07/06 v3.8l The Babel package

(/usr/share/texmf-texlive/tex/generic/babel/english.ldf
Language: english 2005/03/30 v3.3o English support from the babel system

(/usr/share/texmf-texlive/tex/generic/babel/babel.def
File: babel.def 2008/07/06 v3.8l Babel common definitions
\babel@savecnt=\count138
\U@D=\dimen134
)
\l@british = a dialect from \language\l@english 
\l@UKenglish = a dialect from \language\l@english 
\l@canadian = a dialect from \language\l@american 
\l@australian = a dialect from \language\l@british 
\l@newzealand = a dialect from \language\l@british 
))
runsystem(which "pygmentize" && touch "lob-preprint.aex")...executed.

runsystem(rm "lob-preprint.aex")...executed.

 (./lob-preprint.aux)
\openout1 = `lob-preprint.aux'.

LaTeX Font Info:    Checking defaults for OML/cmm/m/it on input line 100.
LaTeX Font Info:    ... okay on input line 100.
LaTeX Font Info:    Checking defaults for T1/cmr/m/n on input line 100.
LaTeX Font Info:    ... okay on input line 100.
LaTeX Font Info:    Checking defaults for OT1/cmr/m/n on input line 100.
LaTeX Font Info:    ... okay on input line 100.
LaTeX Font Info:    Checking defaults for OMS/cmsy/m/n on input line 100.
LaTeX Font Info:    ... okay on input line 100.
LaTeX Font Info:    Checking defaults for OMX/cmex/m/n on input line 100.
LaTeX Font Info:    ... okay on input line 100.
LaTeX Font Info:    Checking defaults for U/cmr/m/n on input line 100.
LaTeX Font Info:    ... okay on input line 100.
LaTeX Font Info:    Checking defaults for T3/cmr/m/n on input line 100.
LaTeX Font Info:    Try loading font information for T3+cmr on input line 100.

(./t3cmr.fd
File: t3cmr.fd 2001/12/31 TIPA font definitions
)
LaTeX Font Info:    ... okay on input line 100.
LaTeX Font Info:    Checking defaults for PD1/pdf/m/n on input line 100.
LaTeX Font Info:    ... okay on input line 100.
LaTeX Font Info:    Checking defaults for TS1/cmr/m/n on input line 100.
LaTeX Font Info:    Try loading font information for TS1+cmr on input line 100.

 (/usr/share/texmf-texlive/tex/latex/base/ts1cmr.fd
File: ts1cmr.fd 1999/05/25 v2.5h Standard LaTeX font definitions
)
LaTeX Font Info:    ... okay on input line 100.
LaTeX Font Info:    Try loading font information for T1+ptm on input line 100.

(/usr/share/texmf-texlive/tex/latex/psnfss/t1ptm.fd
File: t1ptm.fd 2001/06/04 font definitions for T1/ptm.
) (./ucsencs.def
File: ucsencs.def 2011/01/21 Fixes to fontencodings LGR, T3
T3\textscriptg already defined.

fontencoding T3 patched
) (/usr/share/texmf-texlive/tex/context/base/supp-pdf.mkii
[Loading MPS to PDF converter (version 2006.09.02).]
\scratchcounter=\count139
\scratchdimen=\dimen135
\scratchbox=\box39
\nofMPsegments=\count140
\nofMParguments=\count141
\everyMPshowfont=\toks35
\MPscratchCnt=\count142
\MPscratchDim=\dimen136
\MPnumerator=\count143
\everyMPtoPDFconversion=\toks36
) (./_minted-lob-preprint/default-pyg-prefix.pygstyle)
Package hyperref Info: Link coloring OFF on input line 100.

(/usr/share/texmf-texlive/tex/latex/hyperref/nameref.sty
Package: nameref 2007/05/29 v2.31 Cross-referencing by name of section

(/usr/share/texmf-texlive/tex/latex/oberdiek/refcount.sty
Package: refcount 2008/08/11 v3.1 Data extraction from references (HO)
)
\c@section@level=\count144
)
LaTeX Info: Redefining \ref on input line 100.
LaTeX Info: Redefining \pageref on input line 100.
 (./lob-preprint.out) (./lob-preprint.out)
\@outlinefile=\write7
\openout7 = `lob-preprint.out'.

\AtBeginShipoutBox=\box40
 (./authorinfo.tex))
LaTeX Font Info:    Font shape `T1/ptm/bx/n' in size <18> not available
(Font)              Font shape `T1/ptm/b/n' tried instead on input line 7.
LaTeX Font Info:    Try loading font information for T1+cmss on input line 7.

(/usr/share/texmf-texlive/tex/latex/base/t1cmss.fd
File: t1cmss.fd 1999/05/25 v2.5h Standard LaTeX font definitions
)
LaTeX Font Info:    Font shape `T1/ptm/bx/n' in size <9> not available
(Font)              Font shape `T1/ptm/b/n' tried instead on input line 16.
LaTeX Font Info:    Font shape `T1/ptm/bx/it' in size <9> not available
(Font)              Font shape `T1/ptm/b/it' tried instead on input line 16.
LaTeX Font Info:    Font shape `T1/ptm/bx/n' in size <11> not available
(Font)              Font shape `T1/ptm/b/n' tried instead on input line 24.
<<ot1rmn-m.cmap>><<omlmit-m.cmap>><<oms-m.cmap>>
LaTeX Font Info:    OMX-m encoding encountered on input line 76.
<<omx-m.cmap>>
LaTeX Font Info:    OMX-m encoding encountered on input line 76.
LaTeX Font Info:    OMX-m encoding encountered on input line 76.
LaTeX Font Info:    Try loading font information for U+msa on input line 76.

(/usr/share/texmf-texlive/tex/latex/amsfonts/umsa.fd
File: umsa.fd 2009/06/22 v3.00 AMS symbols A
)<<umsa-m.cmap>>
LaTeX Font Info:    Try loading font information for U+msb on input line 76.

(/usr/share/texmf-texlive/tex/latex/amsfonts/umsb.fd
File: umsb.fd 2009/06/22 v3.00 AMS symbols B
)<<umsb-m.cmap>>
LaTeX Font Info:    Try loading font information for U+stmry on input line 76.

(./Ustmry.fd)

Package mmap Warning: !!! No -m.cmap file found for ustmry !!!  on input line 7
6.

(./uni-33.def
File: uni-33.def 2013/05/13 UCS: Unicode data U+2100..U+21FF
)
LaTeX Font Info:    OMX-m encoding encountered on input line 85.
 (./uni-37.def
File: uni-37.def 2013/05/13 UCS: Unicode data U+2500..U+25FF
) [1{/afs/csail.mit.edu/u/j/jgross/.texmf-var/fonts/map/pdftex/updmap/pdftex.ma
p}


Non-PDF special ignored!

]
\openout6 = `lob-preprint.pyg'.


(./_minted-lob-preprint/B6B4EC2186FBB00A21FC99EA4B4224644DA7C90816C47360180AA97
5454C8720.pygtex
LaTeX Font Info:    Font shape `T1/cmtt/bx/n' in size <9> not available
(Font)              Font shape `T1/cmtt/m/n' tried instead on input line 2.
) (./uni-34.def
File: uni-34.def 2013/05/13 UCS: Unicode data U+2200..U+22FF
) (./uni-0.def
File: uni-0.def 2013/05/13 UCS: Unicode data U+0000..U+00FF
)
LaTeX Font Info:    Try loading font information for TS1+ptm on input line 196.


(/usr/share/texmf-texlive/tex/latex/psnfss/ts1ptm.fd
File: ts1ptm.fd 2001/06/04 font definitions for TS1/ptm.
)
LaTeX Font Info:    TS1-m encoding encountered on input line 196.


Package mmap Warning: !!! No -m.cmap file found for TS1 !!!  on input line 196.


\openout6 = `lob-preprint.pyg'.


(./_minted-lob-preprint/005724E9D7349E41705FB4B5117FFF42B0DA7F553960C2D93CC1622
71C9723B9.pygtex
LaTeX Font Info:    Try loading font information for TS1+cmtt on input line 2.
 (/usr/share/texmf-texlive/tex/latex/base/ts1cmtt.fd
File: ts1cmtt.fd 1999/05/25 v2.5h Standard LaTeX font definitions
)
LaTeX Font Info:    TS1-m encoding encountered on input line 2.
)
Underfull \hbox (badness 1142) in paragraph at lines 197--201
[]\T1/ptm/m/n/9 The code [], which
 []

\openout6 = `lob-preprint.pyg'.


(./_minted-lob-preprint/E7888A49FF56A97FAC1B3454D2FAD7D2B0DA7F553960C2D93CC1622
71C9723B9.pygtex)
\openout6 = `lob-preprint.pyg'.


(./_minted-lob-preprint/6CBE18A3EA4477C70D8D62A859EEF727B0DA7F553960C2D93CC1622
71C9723B9.pygtex)
\openout6 = `lob-preprint.pyg'.


(./_minted-lob-preprint/4071DD58C07CDA3657B3679A236A3B1EB0DA7F553960C2D93CC1622
71C9723B9.pygtex)
\openout4 = `lob-preprint.pyg'.


Underfull \hbox (badness 1478) in paragraph at lines 202--218
\T1/ptm/m/n/9 sti-tu-tion us-ing Python's re-place-ment syn-tax: for ex-am-ple,

 []


(./_minted-lob-preprint/39AD15DE3BE69C701CF7950EDA50F97CBD8A97ECECC9BBF92CE6157
FEE5C3295.pygtex)
\openout4 = `lob-preprint.pyg'.


(./_minted-lob-preprint/7885464C3B1CF713E04826F9494F5226BD8A97ECECC9BBF92CE6157
FEE5C3295.pygtex)
\openout4 = `lob-preprint.pyg'.


(./_minted-lob-preprint/54BB798EFA99C9B99714C46995948D9BBD8A97ECECC9BBF92CE6157
FEE5C3295.pygtex (./uni-3.def
File: uni-3.def 2013/05/13 UCS: Unicode data U+0300..U+03FF
))
\openout6 = `lob-preprint.pyg'.


(./_minted-lob-preprint/A3EFFC9DAC77FC565D6C895D1563867CB0DA7F553960C2D93CC1622
71C9723B9.pygtex)
\openout6 = `lob-preprint.pyg'.


(./_minted-lob-preprint/EA08F93BF543CB2E1566ECBDEEBB50D3B0DA7F553960C2D93CC1622
71C9723B9.pygtex)
\openout6 = `lob-preprint.pyg'.


(./_minted-lob-preprint/8F898B22D33B4AE6B360EC4725A2D646B0DA7F553960C2D93CC1622
71C9723B9.pygtex)
\openout6 = `lob-preprint.pyg'.


(./_minted-lob-preprint/2B400BC469F7D8F7D25C4C9745755445B0DA7F553960C2D93CC1622
71C9723B9.pygtex)
\openout6 = `lob-preprint.pyg'.


(./_minted-lob-preprint/EA08F93BF543CB2E1566ECBDEEBB50D3B0DA7F553960C2D93CC1622
71C9723B9.pygtex)
\openout6 = `lob-preprint.pyg'.


(./_minted-lob-preprint/5F4E410FE99B01FEDBE7CDA1EFF1F066B0DA7F553960C2D93CC1622
71C9723B9.pygtex)
\openout6 = `lob-preprint.pyg'.


(./_minted-lob-preprint/A3EFFC9DAC77FC565D6C895D1563867CB0DA7F553960C2D93CC1622
71C9723B9.pygtex)
\openout6 = `lob-preprint.pyg'.


(./_minted-lob-preprint/A3EFFC9DAC77FC565D6C895D1563867CB0DA7F553960C2D93CC1622
71C9723B9.pygtex)
\openout6 = `lob-preprint.pyg'.


(./_minted-lob-preprint/A3EFFC9DAC77FC565D6C895D1563867CB0DA7F553960C2D93CC1622
71C9723B9.pygtex)
Underfull \hbox (badness 1231) in paragraph at lines 244--253
\T1/ptm/m/n/9 in-hab-it-ing the type cor-re-spond-ing to [], where []
 []

\openout6 = `lob-preprint.pyg'.


(./_minted-lob-preprint/655B531BE5063085602A4E22B0F1D566B0DA7F553960C2D93CC1622
71C9723B9.pygtex)
\openout6 = `lob-preprint.pyg'.


(./_minted-lob-preprint/3713B3BFB15E6F33D520D983EC40FE2B4DA7C90816C47360180AA97
5454C8720.pygtex)
\openout6 = `lob-preprint.pyg'.


(./_minted-lob-preprint/60B725F10C9C85C70D97880DFE8191B34DA7C90816C47360180AA97
5454C8720.pygtex)
\openout6 = `lob-preprint.pyg'.


(./_minted-lob-preprint/3B5D5C3712955042212316173CCF37BE4DA7C90816C47360180AA97
5454C8720.pygtex)
\openout4 = `lob-preprint.pyg'.


(./_minted-lob-preprint/43B46A3896DCCA6123BEFE9D1CA7DE56BD8A97ECECC9BBF92CE6157
FEE5C3295.pygtex)
\openout6 = `lob-preprint.pyg'.


(./_minted-lob-preprint/F8DC570006D95E7A8A272B6169173D15B0DA7F553960C2D93CC1622
71C9723B9.pygtex)
\openout6 = `lob-preprint.pyg'.


(./_minted-lob-preprint/A3EFFC9DAC77FC565D6C895D1563867CB0DA7F553960C2D93CC1622
71C9723B9.pygtex)
\openout6 = `lob-preprint.pyg'.


(./_minted-lob-preprint/A3EFFC9DAC77FC565D6C895D1563867CB0DA7F553960C2D93CC1622
71C9723B9.pygtex)
\openout6 = `lob-preprint.pyg'.


(./_minted-lob-preprint/253BCAC7DD806BB7CF57DC19F71F2FA0B0DA7F553960C2D93CC1622
71C9723B9.pygtex)
\openout6 = `lob-preprint.pyg'.


(./_minted-lob-preprint/AA16F9A34797FEDCE9264E55983AE97AB0DA7F553960C2D93CC1622
71C9723B9.pygtex)
\openout6 = `lob-preprint.pyg'.


(./_minted-lob-preprint/7CBA2ADFFDE307934D5CD898BF7AFA8CB0DA7F553960C2D93CC1622
71C9723B9.pygtex)
\openout6 = `lob-preprint.pyg'.


(./_minted-lob-preprint/63422186DF37705E5208DB1031C0BE42B0DA7F553960C2D93CC1622
71C9723B9.pygtex)
\openout4 = `lob-preprint.pyg'.


(./_minted-lob-preprint/C8895536DB43CCAFEBBAA7059D8ED0F4BD8A97ECECC9BBF92CE6157
FEE5C3295.pygtex)
\openout6 = `lob-preprint.pyg'.


(./_minted-lob-preprint/7F88ADD5199FE27B4394D27205FA7C20B0DA7F553960C2D93CC1622
71C9723B9.pygtex)
\openout6 = `lob-preprint.pyg'.


(./_minted-lob-preprint/7F88ADD5199FE27B4394D27205FA7C20B0DA7F553960C2D93CC1622
71C9723B9.pygtex)
\openout6 = `lob-preprint.pyg'.


(./_minted-lob-preprint/253BCAC7DD806BB7CF57DC19F71F2FA0B0DA7F553960C2D93CC1622
71C9723B9.pygtex)
\openout6 = `lob-preprint.pyg'.


(./_minted-lob-preprint/A3EFFC9DAC77FC565D6C895D1563867CB0DA7F553960C2D93CC1622
71C9723B9.pygtex)
\openout6 = `lob-preprint.pyg'.


(./_minted-lob-preprint/7F88ADD5199FE27B4394D27205FA7C20B0DA7F553960C2D93CC1622
71C9723B9.pygtex)
\openout6 = `lob-preprint.pyg'.


(./_minted-lob-preprint/253BCAC7DD806BB7CF57DC19F71F2FA0B0DA7F553960C2D93CC1622
71C9723B9.pygtex)
\openout6 = `lob-preprint.pyg'.


(./_minted-lob-preprint/7F88ADD5199FE27B4394D27205FA7C20B0DA7F553960C2D93CC1622
71C9723B9.pygtex)
\openout6 = `lob-preprint.pyg'.


(./_minted-lob-preprint/A3EFFC9DAC77FC565D6C895D1563867CB0DA7F553960C2D93CC1622
71C9723B9.pygtex)
\openout6 = `lob-preprint.pyg'.


(./_minted-lob-preprint/A3EFFC9DAC77FC565D6C895D1563867CB0DA7F553960C2D93CC1622
71C9723B9.pygtex)
\openout6 = `lob-preprint.pyg'.


(./_minted-lob-preprint/FDEAA6E46710E582660E10A560914BF5B0DA7F553960C2D93CC1622
71C9723B9.pygtex)
\openout6 = `lob-preprint.pyg'.


(./_minted-lob-preprint/7F88ADD5199FE27B4394D27205FA7C20B0DA7F553960C2D93CC1622
71C9723B9.pygtex)
\openout6 = `lob-preprint.pyg'.


(./_minted-lob-preprint/1B7AD551F8D441893536C629582E1B94B0DA7F553960C2D93CC1622
71C9723B9.pygtex)
\openout6 = `lob-preprint.pyg'.


(./_minted-lob-preprint/253BCAC7DD806BB7CF57DC19F71F2FA0B0DA7F553960C2D93CC1622
71C9723B9.pygtex)
\openout6 = `lob-preprint.pyg'.


(./_minted-lob-preprint/7F88ADD5199FE27B4394D27205FA7C20B0DA7F553960C2D93CC1622
71C9723B9.pygtex)
\openout6 = `lob-preprint.pyg'.


(./_minted-lob-preprint/CF1098A7615CEF34F2D79648840CA58DB0DA7F553960C2D93CC1622
71C9723B9.pygtex)
\openout6 = `lob-preprint.pyg'.


(./_minted-lob-preprint/052812A646FF2BA94983A8DEDAEEF9D9B0DA7F553960C2D93CC1622
71C9723B9.pygtex)
\openout6 = `lob-preprint.pyg'.


(./_minted-lob-preprint/63422186DF37705E5208DB1031C0BE42B0DA7F553960C2D93CC1622
71C9723B9.pygtex)
\openout6 = `lob-preprint.pyg'.


(./_minted-lob-preprint/CF1098A7615CEF34F2D79648840CA58DB0DA7F553960C2D93CC1622
71C9723B9.pygtex) [2]
\openout3 = `lob-preprint.ptb'.

\openout3 = `lob-preprint.ptb'.

 (./uni-39.def
File: uni-39.def 2013/05/13 UCS: Unicode data U+2700..U+27FF
) (./uni-29.def
File: uni-29.def 2013/05/13 UCS: Unicode data U+1D00..U+1DFF
)
\openout6 = `lob-preprint.pyg'.


(./_minted-lob-preprint/03675BC7E013B6EE99594CD460D625314DA7C90816C47360180AA97
5454C8720.pygtex)
\openout6 = `lob-preprint.pyg'.


(./_minted-lob-preprint/167EF82C42C816FB0E4F3537F856F8434DA7C90816C47360180AA97
5454C8720.pygtex)
\openout6 = `lob-preprint.pyg'.


(./_minted-lob-preprint/D88D239B56112888D848FE64D99DDF9DB0DA7F553960C2D93CC1622
71C9723B9.pygtex)
\openout6 = `lob-preprint.pyg'.


(./_minted-lob-preprint/E7888A49FF56A97FAC1B3454D2FAD7D2B0DA7F553960C2D93CC1622
71C9723B9.pygtex)
\openout6 = `lob-preprint.pyg'.


(./_minted-lob-preprint/E7888A49FF56A97FAC1B3454D2FAD7D2B0DA7F553960C2D93CC1622
71C9723B9.pygtex)
\openout6 = `lob-preprint.pyg'.


(./_minted-lob-preprint/610BAE64D1A7AF8C6FB906DDA6F549B54DA7C90816C47360180AA97
5454C8720.pygtex)
\openout6 = `lob-preprint.pyg'.


(./_minted-lob-preprint/9670CE5F3BA5BC36C490E4BCC4E0B0324DA7C90816C47360180AA97
5454C8720.pygtex)
\openout6 = `lob-preprint.pyg'.


(./_minted-lob-preprint/8F898B22D33B4AE6B360EC4725A2D6464DA7C90816C47360180AA97
5454C8720.pygtex)
\openout6 = `lob-preprint.pyg'.


(./_minted-lob-preprint/AE781C7AA41C691FB5EBDA691576ED054DA7C90816C47360180AA97
5454C8720.pygtex)
\openout6 = `lob-preprint.pyg'.


(./_minted-lob-preprint/8F898B22D33B4AE6B360EC4725A2D6464DA7C90816C47360180AA97
5454C8720.pygtex)
\openout6 = `lob-preprint.pyg'.


(./_minted-lob-preprint/E7888A49FF56A97FAC1B3454D2FAD7D2B0DA7F553960C2D93CC1622
71C9723B9.pygtex)
\openout6 = `lob-preprint.pyg'.


(./_minted-lob-preprint/CC8E3557A1628C5E22937678C310EB474DA7C90816C47360180AA97
5454C8720.pygtex)
\openout3 = `lob-preprint.ptb'.

\openout3 = `lob-preprint.ptb'.

\openout6 = `lob-preprint.pyg'.


(./_minted-lob-preprint/FFB1FE1BCF3AD27184375138AF8F8BC64DA7C90816C47360180AA97
5454C8720.pygtex)
\openout6 = `lob-preprint.pyg'.


(./_minted-lob-preprint/38E67C28A2042FE86C9F7210D07294E24DA7C90816C47360180AA97
5454C8720.pygtex) [3]
\openout3 = `lob-preprint.ptb'.

\openout6 = `lob-preprint.pyg'.


(./_minted-lob-preprint/38E67C28A2042FE86C9F7210D07294E24DA7C90816C47360180AA97
5454C8720.pygtex)
\openout6 = `lob-preprint.pyg'.


(./_minted-lob-preprint/0B2E14FD5BFEAF45E8031EDF769DA6ED4DA7C90816C47360180AA97
5454C8720.pygtex
LaTeX Font Info:    Font shape `T1/cmtt/bx/n' in size <8> not available
(Font)              Font shape `T1/cmtt/m/n' tried instead on input line 2.
)
\openout6 = `lob-preprint.pyg'.


(./_minted-lob-preprint/AFF11533F5F9F397949B843A3AE506B64DA7C90816C47360180AA97
5454C8720.pygtex)
\openout6 = `lob-preprint.pyg'.


(./_minted-lob-preprint/1A1A418DA55DE8615EF69C00C762A0B64DA7C90816C47360180AA97
5454C8720.pygtex)
\openout6 = `lob-preprint.pyg'.


(./_minted-lob-preprint/187A3BA877688B3CD1EBBE3107BD734E4DA7C90816C47360180AA97
5454C8720.pygtex)
\openout6 = `lob-preprint.pyg'.


(./_minted-lob-preprint/1A1A418DA55DE8615EF69C00C762A0B64DA7C90816C47360180AA97
5454C8720.pygtex)
\openout3 = `lob-preprint.ptb'.

\openout6 = `lob-preprint.pyg'.


(./_minted-lob-preprint/27D1662A8D13D813C9CF8ED155E856944DA7C90816C47360180AA97
5454C8720.pygtex)
\openout6 = `lob-preprint.pyg'.


(./_minted-lob-preprint/27D1662A8D13D813C9CF8ED155E856944DA7C90816C47360180AA97
5454C8720.pygtex)
\openout6 = `lob-preprint.pyg'.


(./_minted-lob-preprint/E7BF0C9899DCDCE4F13900D725E7761A4DA7C90816C47360180AA97
5454C8720.pygtex)
\openout6 = `lob-preprint.pyg'.


(./_minted-lob-preprint/30060EAF5A921B70B756D2C7F9AF104D4DA7C90816C47360180AA97
5454C8720.pygtex)
\openout6 = `lob-preprint.pyg'.


(./_minted-lob-preprint/27D1662A8D13D813C9CF8ED155E856944DA7C90816C47360180AA97
5454C8720.pygtex)
\openout6 = `lob-preprint.pyg'.


(./_minted-lob-preprint/E7888A49FF56A97FAC1B3454D2FAD7D2B0DA7F553960C2D93CC1622
71C9723B9.pygtex)
Underfull \vbox (badness 1881) has occurred while \output is active []

 [4]
\openout6 = `lob-preprint.pyg'.


(./_minted-lob-preprint/212943D967880B59C098E9847E2DC0FE4DA7C90816C47360180AA97
5454C8720.pygtex)
\openout6 = `lob-preprint.pyg'.


(./_minted-lob-preprint/52E073C684E767F2AF15332AFFCF3E584DA7C90816C47360180AA97
5454C8720.pygtex)
\openout3 = `lob-preprint.ptb'.

 (./uni-32.def
File: uni-32.def 2013/05/13 UCS: Unicode data U+2000..U+20FF
)
\openout6 = `lob-preprint.pyg'.


(./_minted-lob-preprint/E7888A49FF56A97FAC1B3454D2FAD7D2B0DA7F553960C2D93CC1622
71C9723B9.pygtex)
\openout6 = `lob-preprint.pyg'.


(./_minted-lob-preprint/32626224D3818AE1EAE533312B2C51C34DA7C90816C47360180AA97
5454C8720.pygtex)
\openout6 = `lob-preprint.pyg'.


(./_minted-lob-preprint/9254298B7D7C3A800876587964A6466E4DA7C90816C47360180AA97
5454C8720.pygtex)
\openout6 = `lob-preprint.pyg'.


(./_minted-lob-preprint/DD76495E5FABDBE373C151F1B97405444DA7C90816C47360180AA97
5454C8720.pygtex)
\openout6 = `lob-preprint.pyg'.


(./_minted-lob-preprint/4D03C1B20143D6FFA6B50483C039E3334DA7C90816C47360180AA97
5454C8720.pygtex)
\openout6 = `lob-preprint.pyg'.


(./_minted-lob-preprint/B3EDDCD77EA347AA3FA6BCF1EC9040774DA7C90816C47360180AA97
5454C8720.pygtex)
\openout6 = `lob-preprint.pyg'.


(./_minted-lob-preprint/AF8855E9D45B0DC8ED29C6FAB5DF49724DA7C90816C47360180AA97
5454C8720.pygtex)
\openout6 = `lob-preprint.pyg'.


(./_minted-lob-preprint/DBC4F7A41DE700EAB63409FE7EF9B70B4DA7C90816C47360180AA97
5454C8720.pygtex)
\openout6 = `lob-preprint.pyg'.


(./_minted-lob-preprint/2C31F838283E3284393A559F01C0ABE44DA7C90816C47360180AA97
5454C8720.pygtex)
\openout6 = `lob-preprint.pyg'.


(./_minted-lob-preprint/B3EDDCD77EA347AA3FA6BCF1EC9040774DA7C90816C47360180AA97
5454C8720.pygtex)
\openout3 = `lob-preprint.ptb'.


Underfull \vbox (badness 10000) has occurred while \output is active []

\openout6 = `lob-preprint.pyg'.


(./_minted-lob-preprint/1046D7D079C3C28A1205378A73870A0F4DA7C90816C47360180AA97
5454C8720.pygtex)
\openout6 = `lob-preprint.pyg'.


(./_minted-lob-preprint/CBBE6C024B273D3DFA630094D5BB5DB44DA7C90816C47360180AA97
5454C8720.pygtex)
\openout6 = `lob-preprint.pyg'.


(./_minted-lob-preprint/27D1662A8D13D813C9CF8ED155E856944DA7C90816C47360180AA97
5454C8720.pygtex)
\openout6 = `lob-preprint.pyg'.


(./_minted-lob-preprint/89FDFCF5C1BD212585CCB305D37A55DF4DA7C90816C47360180AA97
5454C8720.pygtex)
\openout6 = `lob-preprint.pyg'.


(./_minted-lob-preprint/27D1662A8D13D813C9CF8ED155E856944DA7C90816C47360180AA97
5454C8720.pygtex)
\openout3 = `lob-preprint.ptb'.


Underfull \vbox (badness 10000) has occurred while \output is active []

 [5]
\openout6 = `lob-preprint.pyg'.


(./_minted-lob-preprint/99A9096BEBF4C2D7BB3AC1A4E2AA8B714DA7C90816C47360180AA97
5454C8720.pygtex)
\openout6 = `lob-preprint.pyg'.


(./_minted-lob-preprint/119B34575FB1BF82BC8FC6AE7BF1C9014DA7C90816C47360180AA97
5454C8720.pygtex)
\openout6 = `lob-preprint.pyg'.


(./_minted-lob-preprint/5C3F74140627FBB070673AD74AAB59494DA7C90816C47360180AA97
5454C8720.pygtex)
\openout6 = `lob-preprint.pyg'.


(./_minted-lob-preprint/A4138E6E8308AD55922F97988A1911C64DA7C90816C47360180AA97
5454C8720.pygtex)
\openout6 = `lob-preprint.pyg'.


(./_minted-lob-preprint/93DD8D080DFD6183C44BDA88BFD85A604DA7C90816C47360180AA97
5454C8720.pygtex)
\openout6 = `lob-preprint.pyg'.


(./_minted-lob-preprint/5C3F74140627FBB070673AD74AAB59494DA7C90816C47360180AA97
5454C8720.pygtex)
\openout6 = `lob-preprint.pyg'.


(./_minted-lob-preprint/99A9096BEBF4C2D7BB3AC1A4E2AA8B714DA7C90816C47360180AA97
5454C8720.pygtex)
\openout6 = `lob-preprint.pyg'.


(./_minted-lob-preprint/997C33C130E196EA31A27FF595F4A4AF4DA7C90816C47360180AA97
5454C8720.pygtex)
\openout3 = `lob-preprint.ptb'.


Underfull \vbox (badness 10000) has occurred while \output is active []

\openout3 = `lob-preprint.ptb'.

\openout6 = `lob-preprint.pyg'.


(./_minted-lob-preprint/B9DEACBBB9A2AC2186C2FFB8FE0EECA64DA7C90816C47360180AA97
5454C8720.pygtex)
\openout6 = `lob-preprint.pyg'.


(./_minted-lob-preprint/B9DEACBBB9A2AC2186C2FFB8FE0EECA64DA7C90816C47360180AA97
5454C8720.pygtex) [6]
\openout3 = `lob-preprint.ptb'.

\openout6 = `lob-preprint.pyg'.


(./_minted-lob-preprint/C2E2BD4254D01DBB105C7885980BB0B74DA7C90816C47360180AA97
5454C8720.pygtex)
\openout6 = `lob-preprint.pyg'.


(./_minted-lob-preprint/B471EA4414290C08BC0F87457729368A4DA7C90816C47360180AA97
5454C8720.pygtex)
\openout6 = `lob-preprint.pyg'.


(./_minted-lob-preprint/C2E2BD4254D01DBB105C7885980BB0B74DA7C90816C47360180AA97
5454C8720.pygtex)
\openout6 = `lob-preprint.pyg'.


(./_minted-lob-preprint/B471EA4414290C08BC0F87457729368A4DA7C90816C47360180AA97
5454C8720.pygtex)
\openout3 = `lob-preprint.ptb'.

\openout3 = `lob-preprint.ptb'.

\openout3 = `lob-preprint.ptb'.


Underfull \vbox (badness 10000) has occurred while \output is active []

\openout3 = `lob-preprint.ptb'.


Underfull \vbox (badness 10000) has occurred while \output is active []

 [7]
\openout6 = `lob-preprint.pyg'.


(./_minted-lob-preprint/212943D967880B59C098E9847E2DC0FE4DA7C90816C47360180AA97
5454C8720.pygtex)
\openout4 = `lob-preprint.pyg'.


(./_minted-lob-preprint/6D3660EDF3D03CB2B4277761768E054F67D4B8352793F8DD95B0913
F536A3892.pygtex)
\openout6 = `lob-preprint.pyg'.


(./_minted-lob-preprint/8F898B22D33B4AE6B360EC4725A2D6464DA7C90816C47360180AA97
5454C8720.pygtex)
\openout6 = `lob-preprint.pyg'.


(./_minted-lob-preprint/8F898B22D33B4AE6B360EC4725A2D6464DA7C90816C47360180AA97
5454C8720.pygtex)
\openout6 = `lob-preprint.pyg'.


(./_minted-lob-preprint/8E729E9C4A730D0D2B6A1AA48A67C1C84DA7C90816C47360180AA97
5454C8720.pygtex)
\openout6 = `lob-preprint.pyg'.


(./_minted-lob-preprint/8DF265B3EEAA509E34296426465D409F4DA7C90816C47360180AA97
5454C8720.pygtex)
\openout6 = `lob-preprint.pyg'.


(./_minted-lob-preprint/00EB1B153D8E4C1229B736CD5977435E4DA7C90816C47360180AA97
5454C8720.pygtex)
\openout6 = `lob-preprint.pyg'.


(./_minted-lob-preprint/8F898B22D33B4AE6B360EC4725A2D6464DA7C90816C47360180AA97
5454C8720.pygtex)
\openout6 = `lob-preprint.pyg'.


(./_minted-lob-preprint/15D003A492C28D8C7F294E7F672B57364DA7C90816C47360180AA97
5454C8720.pygtex)
\openout6 = `lob-preprint.pyg'.


(./_minted-lob-preprint/061F0D1F4838229A8E485DBCB07BC2194DA7C90816C47360180AA97
5454C8720.pygtex)
\openout6 = `lob-preprint.pyg'.


(./_minted-lob-preprint/05DFAA0BC0DC1CEE608EB4CB937834224DA7C90816C47360180AA97
5454C8720.pygtex)
\openout6 = `lob-preprint.pyg'.


(./_minted-lob-preprint/BF072E9119077B4E76437A93986787EF4DA7C90816C47360180AA97
5454C8720.pygtex)
\openout6 = `lob-preprint.pyg'.


(./_minted-lob-preprint/18B7E00DCBBFD7ED3773B97389B332E84DA7C90816C47360180AA97
5454C8720.pygtex)
\openout6 = `lob-preprint.pyg'.


(./_minted-lob-preprint/906E5D559E07C4FEFAB02226A27903894DA7C90816C47360180AA97
5454C8720.pygtex)
\openout6 = `lob-preprint.pyg'.


(./_minted-lob-preprint/B3EDDCD77EA347AA3FA6BCF1EC9040774DA7C90816C47360180AA97
5454C8720.pygtex)
\openout4 = `lob-preprint.pyg'.


(./_minted-lob-preprint/C87E628EDA3B62EA74212173B9BA5E26117E03FDA87FEF02711606D
7B7F50CAB.pygtex)
\openout6 = `lob-preprint.pyg'.


(./_minted-lob-preprint/70C48A41694BEAB6839130BE524413C64DA7C90816C47360180AA97
5454C8720.pygtex)
\openout6 = `lob-preprint.pyg'.


(./_minted-lob-preprint/C69AF97163A15DF55C927CFB7A14BCB14DA7C90816C47360180AA97
5454C8720.pygtex)
\openout6 = `lob-preprint.pyg'.


(./_minted-lob-preprint/E7888A49FF56A97FAC1B3454D2FAD7D24DA7C90816C47360180AA97
5454C8720.pygtex)
\openout6 = `lob-preprint.pyg'.


(./_minted-lob-preprint/E7888A49FF56A97FAC1B3454D2FAD7D24DA7C90816C47360180AA97
5454C8720.pygtex)
\openout6 = `lob-preprint.pyg'.


(./_minted-lob-preprint/097B4AEED4132CE0AB4E18FFD5CC22BF4DA7C90816C47360180AA97
5454C8720.pygtex)
\openout6 = `lob-preprint.pyg'.


(./_minted-lob-preprint/07D8B8C729BC3C8DF41F71D65411FB654DA7C90816C47360180AA97
5454C8720.pygtex)
\openout6 = `lob-preprint.pyg'.


(./_minted-lob-preprint/FB950A2429BAE6B62A36CA50F122CA5E4DA7C90816C47360180AA97
5454C8720.pygtex)
\openout6 = `lob-preprint.pyg'.


(./_minted-lob-preprint/1046D7D079C3C28A1205378A73870A0F4DA7C90816C47360180AA97
5454C8720.pygtex) (./common.tex
\openout3 = `lob-preprint.ptb'.

 [8]) (./prisoners-dilemma-lob.tex
\openout3 = `lob-preprint.ptb'.


Underfull \vbox (badness 1783) has occurred while \output is active []


Underfull \vbox (badness 10000) has occurred while \output is active []

 [9]
Underfull \vbox (badness 10000) has occurred while \output is active []


Underfull \vbox (badness 10000) has occurred while \output is active []

 [10]
Underfull \vbox (badness 10000) has occurred while \output is active []

)
(./fair-bot-self-cooperates.tex
\openout3 = `lob-preprint.ptb'.

\openout6 = `lob-preprint.pyg'.


(./_minted-lob-preprint/5F108BCD075341BFF5F8828C6E44B5254DA7C90816C47360180AA97
5454C8720.pygtex)
\openout6 = `lob-preprint.pyg'.


(./_minted-lob-preprint/BF82D607958004891C9504EC4A861D204DA7C90816C47360180AA97
5454C8720.pygtex)
\openout6 = `lob-preprint.pyg'.


(./_minted-lob-preprint/8F898B22D33B4AE6B360EC4725A2D6464DA7C90816C47360180AA97
5454C8720.pygtex)
\openout6 = `lob-preprint.pyg'.


(./_minted-lob-preprint/A879BAFC9DB2A0A9FAEE773620800AA24DA7C90816C47360180AA97
5454C8720.pygtex)
\openout3 = `lob-preprint.ptb'.


Underfull \vbox (badness 7486) has occurred while \output is active []

 [11]
\openout3 = `lob-preprint.ptb'.

\openout3 = `lob-preprint.ptb'.

\openout3 = `lob-preprint.ptb'.

\openout3 = `lob-preprint.ptb'.

\openout3 = `lob-preprint.ptb'.

\openout3 = `lob-preprint.ptb'.

\openout6 = `lob-preprint.pyg'.


(./_minted-lob-preprint/532352CD2CFF87649E040D2E8544ADE94DA7C90816C47360180AA97
5454C8720.pygtex)
\openout6 = `lob-preprint.pyg'.


(./_minted-lob-preprint/7ED97000F229E7A68924EC340D5A4E0F4DA7C90816C47360180AA97
5454C8720.pygtex)
\openout6 = `lob-preprint.pyg'.


(./_minted-lob-preprint/84BE8955CEA25684851A4C63B4CC17844DA7C90816C47360180AA97
5454C8720.pygtex)
\openout6 = `lob-preprint.pyg'.


(./_minted-lob-preprint/C7587C64AD8D230066923A9B041CCB8C4DA7C90816C47360180AA97
5454C8720.pygtex)
\openout6 = `lob-preprint.pyg'.


(./_minted-lob-preprint/A54DEF9FC642FE8022CE18BEE9E673EB4DA7C90816C47360180AA97
5454C8720.pygtex)
\openout6 = `lob-preprint.pyg'.


(./_minted-lob-preprint/F4061A0993FE78FBF85D045ABA68D0D24DA7C90816C47360180AA97
5454C8720.pygtex)
\openout3 = `lob-preprint.ptb'.

\openout6 = `lob-preprint.pyg'.


(./_minted-lob-preprint/C1B91813E87B22A5C9A5D810AFB5CAF84DA7C90816C47360180AA97
5454C8720.pygtex)
\openout6 = `lob-preprint.pyg'.


(./_minted-lob-preprint/E7888A49FF56A97FAC1B3454D2FAD7D24DA7C90816C47360180AA97
5454C8720.pygtex)
\openout3 = `lob-preprint.ptb'.


Overfull \hbox (2.18753pt too wide) in paragraph at lines 191--194
 [][][][] 
 []

\openout6 = `lob-preprint.pyg'.


(./_minted-lob-preprint/C7587C64AD8D230066923A9B041CCB8C4DA7C90816C47360180AA97
5454C8720.pygtex)
\openout6 = `lob-preprint.pyg'.


(./_minted-lob-preprint/68B3AB730F2474257C256138F3949AC74DA7C90816C47360180AA97
5454C8720.pygtex)
\openout3 = `lob-preprint.ptb'.

\openout3 = `lob-preprint.ptb'.

\openout3 = `lob-preprint.ptb'.

\openout3 = `lob-preprint.ptb'.

\openout6 = `lob-preprint.pyg'.


(./_minted-lob-preprint/E2F9106CF232FADC42C8D631887B97DC4DA7C90816C47360180AA97
5454C8720.pygtex)
\openout3 = `lob-preprint.ptb'.

\openout3 = `lob-preprint.ptb'.

\openout3 = `lob-preprint.ptb'.

\openout3 = `lob-preprint.ptb'.

) (./lob-preprint.bbl [12]
Underfull \hbox (badness 3179) in paragraph at lines 43--50
[]\T1/ptm/m/n/8 A. Be-rar-ducci and C. Böhm.  Au-to-matic syn-the-sis of typed 
$\OML/cmm/m/it/8 ^^U$\T1/ptm/m/n/8 -
 []


Underfull \hbox (badness 2119) in paragraph at lines 43--50
\T1/ptm/m/n/8 programs on term al-ge-bras.  \T1/ptm/m/it/8 The-o-ret-i-cal Com-
puter Sci-ence\T1/ptm/m/n/8 , 39
 []


Underfull \hbox (badness 3179) in paragraph at lines 43--50
\T1/ptm/m/n/8 URL []$\T1/cmtt/m/n/8 http : / / www . sciencedirect . com / scie
nce / article / pii /
 []


Underfull \hbox (badness 1552) in paragraph at lines 61--71
[]\T1/ptm/m/n/8 J. Chap-man.  Type the-ory should eat it-self.  \T1/ptm/m/it/8 
Elec-tronic Notes in
 []


Underfull \hbox (badness 3396) in paragraph at lines 61--71
\T1/ptm/m/it/8 The-o-ret-i-cal Com-puter Sci-ence\T1/ptm/m/n/8 , 228:21--36, 20
09.  ISSN 1571-
 []


Underfull \hbox (badness 3407) in paragraph at lines 61--71
\T1/ptm/m/n/8 0661.  doi: $http : / / dx . doi . org / 10 . 1016 / j . entcs . 
2008 . 12 . 114$.  URL
 []


Underfull \hbox (badness 10000) in paragraph at lines 61--71
[]$\T1/cmtt/m/n/8 http : / / www . sciencedirect . com / science / article / pi
i /
 []


Underfull \hbox (badness 1577) in paragraph at lines 93--99
\T1/ptm/m/n/8 382780 . 382785$.  URL []$\T1/cmtt/m/n/8 http : / / doi . acm . o
rg / 10 . 1145 / 382780 .
 []


Underfull \hbox (badness 2005) in paragraph at lines 121--126
[]\T1/ptm/m/n/8 O. Kise-lyov.  Be-yond church en-cod-ing: Boehm-berarducci iso-
mor-
 []


Underfull \hbox (badness 1400) in paragraph at lines 121--126
\T1/ptm/m/n/8 2012.  URL []$\T1/cmtt/m/n/8 http : / / okmij . org / ftp / tagle
ss-[]final / course /
 []


Underfull \hbox (badness 2237) in paragraph at lines 134--141
[]\T1/ptm/m/n/8 C. McBride.  Out-ra-geous but mean-ing-ful co-in-ci-dences: De-
pen-dent
 []


Underfull \hbox (badness 4608) in paragraph at lines 134--141
\T1/ptm/m/n/8 type-safe syn-tax and eval-u-a-tion.  In \T1/ptm/m/it/8 Pro-ceed-
ings of the 6th
 []


Underfull \hbox (badness 1521) in paragraph at lines 134--141
\T1/ptm/m/it/8 ACM SIG-PLAN work-shop on Generic pro-gram-ming\T1/ptm/m/n/8 , p
ages 1--12.
 []


Underfull \hbox (badness 2932) in paragraph at lines 168--176
[]\T1/ptm/m/n/8 F. Pfen-ning and P. Lee.  Metacir-cu-lar-ity in the poly-mor-ph
ic $\OML/cmm/m/it/8 ^^U$\T1/ptm/m/n/8 -
 []


Underfull \hbox (badness 2261) in paragraph at lines 168--176
\T1/ptm/m/n/8 0304-3975.  doi: $http : / / dx . doi . org / 10 . 1016 / 0304-[]
3975(90 ) 90109-[]U$.
 []


Underfull \hbox (badness 3179) in paragraph at lines 168--176
\T1/ptm/m/n/8 URL []$\T1/cmtt/m/n/8 http : / / www . sciencedirect . com / scie
nce / article / pii /
 []


Underfull \hbox (badness 1308) in paragraph at lines 178--182
[]\T1/ptm/m/n/8 D. Piponi.  From löb's the-o-rem to spread-sheet eval-u-a-tion,
 Novem-
 []


Underfull \hbox (badness 10000) in paragraph at lines 178--182
\T1/ptm/m/n/8 ber 2006.  URL []$\T1/cmtt/m/n/8 http : / / blog . sigfpe . com /
 2006 / 11 /
 []


Underfull \hbox (badness 3343) in paragraph at lines 217--222
[]\T1/ptm/m/n/8 B. Yud-kowsky.  Lob's the-o-rem cured my so-cial anx-i-ety, Feb
ru-
 []

)
runsystem(rm "lob-preprint.pyg")...executed.

 [13] (./lob-preprint.aux) ) ) 
Here is how much of TeX's memory you used:
 14686 strings out of 495061
 242012 string characters out of 1182622
 598263 words of memory out of 3000000
 17025 multiletter control sequences out of 15000+50000
 56732 words of font info for 83 fonts, out of 3000000 for 9000
 28 hyphenation exceptions out of 8191
 45i,14n,119p,807b,2389s stack positions out of 5000i,500n,10000p,200000b,50000s
 </afs/csail.mit.edu/u/j/jgross/.texmf-var/fonts/
pk/ljfour/jknappen/ec/ectt0800.450pk> </afs/csail.mit.edu/u/j/jgross/.texmf-var
/fonts/pk/ljfour/jknappen/ec/ectt0800.600pk> </afs/csail.mit.edu/u/j/jgross/.te
xmf-var/fonts/pk/ljfour/jknappen/ec/ecss0600.600pk> </afs/csail.mit.edu/u/j/jgr
oss/.texmf-var/fonts/pk/ljfour/jknappen/ec/ecss0900.600pk> </afs/csail.mit.edu/
u/j/jgross/.texmf-var/fonts/pk/ljfour/jknappen/ec/tctt0900.600pk> </afs/csail.m
it.edu/u/j/jgross/.texmf-var/fonts/pk/ljfour/jknappen/ec/ectt0900.600pk>{/usr/s
hare/texmf-texlive/fonts/enc/dvips/base/8r.enc}</usr/share/texmf-texlive/fonts/
type1/public/amsfonts/cm/cmmi6.pfb></usr/share/texmf-texlive/fonts/type1/public
/amsfonts/cm/cmmi8.pfb></usr/share/texmf-texlive/fonts/type1/public/amsfonts/cm
/cmmi9.pfb></usr/share/texmf-texlive/fonts/type1/public/amsfonts/cm/cmr6.pfb></
usr/share/texmf-texlive/fonts/type1/public/amsfonts/cm/cmr9.pfb></usr/share/tex
mf-texlive/fonts/type1/public/amsfonts/cm/cmsy6.pfb></usr/share/texmf-texlive/f
onts/type1/public/amsfonts/cm/cmsy8.pfb></usr/share/texmf-texlive/fonts/type1/p
ublic/amsfonts/cm/cmsy9.pfb></usr/share/texmf-texlive/fonts/type1/public/amsfon
ts/latxfont/line10.pfb></usr/share/texmf-texlive/fonts/type1/public/amsfonts/sy
mbols/msam10.pfb><./stmary9.pfb></usr/share/texmf-texlive/fonts/type1/urw/times
/utmb8a.pfb></usr/share/texmf-texlive/fonts/type1/urw/times/utmbi8a.pfb></usr/s
hare/texmf-texlive/fonts/type1/urw/times/utmr8a.pfb></usr/share/texmf-texlive/f
onts/type1/urw/times/utmri8a.pfb>
Output written on lob-preprint.pdf (13 pages, 343051 bytes).
PDF statistics:
 599 PDF objects out of 1000 (max. 8388607)
 73 named destinations out of 1000 (max. 500000)
 161 words of extra memory for PDF output out of 10000 (max. 10000000)

